# JRE version: OpenJDK Runtime Environment Temurin-17.0.10+7 (17.0.10+7) (build 17.0.10+7)
# Java VM: OpenJDK 64-Bit Server VM Temurin-17.0.10+7 (17.0.10+7, mixed mode, tiered, compressed oops, compressed class ptrs, parallel gc, windows-amd64)
GC Precious Log:
 CPUs: 8 total, 8 available
 Memory: 6030M
 Large Page Support: Disabled
 NUMA Support: Disabled
 Compressed Oops: Enabled (32-bit)
 Alignments: Space 512K, Generation 512K, Heap 2M
 Heap Min Capacity: 100M
 Heap Initial Capacity: 100M
 Heap Max Capacity: 1G
 Pre-touch: Disabled
 Parallel Workers: 8
Heap:
 PSYoungGen      total 4096K, used 2340K [0x00000000eab00000, 0x00000000eb180000, 0x0000000100000000)
  eden space 1536K, 9% used [0x00000000eab00000,0x00000000eab24f98,0x00000000eac80000)
  from space 2560K, 85% used [0x00000000eac80000,0x00000000eaea4070,0x00000000eaf00000)
  to   space 2560K, 0% used [0x00000000eaf00000,0x00000000eaf00000,0x00000000eb180000)
 ParOldGen       total 288256K, used 230200K [0x00000000c0000000, 0x00000000d1980000, 0x00000000eab00000)
  object space 288256K, 79% used [0x00000000c0000000,0x00000000ce0ce398,0x00000000d1980000)
 Metaspace       used 78903K, committed 80256K, reserved 1179648K
  class space    used 8263K, committed 8896K, reserved 1048576K
GC Heap History (20 events):
Event: 355.474 GC heap before
{Heap before GC invocations=439 (full 12):
 PSYoungGen      total 4096K, used 4000K [0x00000000eab00000, 0x00000000eb180000, 0x0000000100000000)
  eden space 2560K, 100% used [0x00000000eab00000,0x00000000ead80000,0x00000000ead80000)
  from space 1536K, 93% used [0x00000000ead80000,0x00000000eaee8040,0x00000000eaf00000)
  to   space 2048K, 0% used [0x00000000eaf80000,0x00000000eaf80000,0x00000000eb180000)
 ParOldGen       total 288256K, used 228789K [0x00000000c0000000, 0x00000000d1980000, 0x00000000eab00000)
  object space 288256K, 79% used [0x00000000c0000000,0x00000000cdf6d5c8,0x00000000d1980000)
 Metaspace       used 78705K, committed 80064K, reserved 1179648K
  class space    used 8261K, committed 8896K, reserved 1048576K
}
Event: 355.486 GC heap after
{Heap after GC invocations=439 (full 12):
 PSYoungGen      total 4608K, used 1568K [0x00000000eab00000, 0x00000000eb180000, 0x0000000100000000)
  eden space 2560K, 0% used [0x00000000eab00000,0x00000000eab00000,0x00000000ead80000)
  from space 2048K, 76% used [0x00000000eaf80000,0x00000000eb108040,0x00000000eb180000)
  to   space 2048K, 0% used [0x00000000ead80000,0x00000000ead80000,0x00000000eaf80000)
 ParOldGen       total 288256K, used 228789K [0x00000000c0000000, 0x00000000d1980000, 0x00000000eab00000)
  object space 288256K, 79% used [0x00000000c0000000,0x00000000cdf6d5c8,0x00000000d1980000)
 Metaspace       used 78705K, committed 80064K, reserved 1179648K
  class space    used 8261K, committed 8896K, reserved 1048576K
}
Event: 355.699 GC heap before
{Heap before GC invocations=440 (full 12):
 PSYoungGen      total 4608K, used 4128K [0x00000000eab00000, 0x00000000eb180000, 0x0000000100000000)
  eden space 2560K, 99% used [0x00000000eab00000,0x00000000ead7fff0,0x00000000ead80000)
  from space 2048K, 76% used [0x00000000eaf80000,0x00000000eb108040,0x00000000eb180000)
  to   space 2048K, 0% used [0x00000000ead80000,0x00000000ead80000,0x00000000eaf80000)
 ParOldGen       total 288256K, used 228789K [0x00000000c0000000, 0x00000000d1980000, 0x00000000eab00000)
  object space 288256K, 79% used [0x00000000c0000000,0x00000000cdf6d5c8,0x00000000d1980000)
 Metaspace       used 78716K, committed 80064K, reserved 1179648K
  class space    used 8261K, committed 8896K, reserved 1048576K
}
Event: 355.703 GC heap after
{Heap after GC invocations=440 (full 12):
 PSYoungGen      total 4096K, used 1312K [0x00000000eab00000, 0x00000000eb080000, 0x0000000100000000)
  eden space 2560K, 0% used [0x00000000eab00000,0x00000000eab00000,0x00000000ead80000)
  from space 1536K, 85% used [0x00000000ead80000,0x00000000eaec8040,0x00000000eaf00000)
  to   space 1536K, 0% used [0x00000000eaf00000,0x00000000eaf00000,0x00000000eb080000)
 ParOldGen       total 288256K, used 228797K [0x00000000c0000000, 0x00000000d1980000, 0x00000000eab00000)
  object space 288256K, 79% used [0x00000000c0000000,0x00000000cdf6f5c8,0x00000000d1980000)
 Metaspace       used 78716K, committed 80064K, reserved 1179648K
  class space    used 8261K, committed 8896K, reserved 1048576K
}
Event: 355.835 GC heap before
{Heap before GC invocations=441 (full 12):
 PSYoungGen      total 4096K, used 3872K [0x00000000eab00000, 0x00000000eb080000, 0x0000000100000000)
  eden space 2560K, 100% used [0x00000000eab00000,0x00000000ead80000,0x00000000ead80000)
  from space 1536K, 85% used [0x00000000ead80000,0x00000000eaec8040,0x00000000eaf00000)
  to   space 1536K, 0% used [0x00000000eaf00000,0x00000000eaf00000,0x00000000eb080000)
 ParOldGen       total 288256K, used 228797K [0x00000000c0000000, 0x00000000d1980000, 0x00000000eab00000)
  object space 288256K, 79% used [0x00000000c0000000,0x00000000cdf6f5c8,0x00000000d1980000)
 Metaspace       used 78742K, committed 80128K, reserved 1179648K
  class space    used 8263K, committed 8896K, reserved 1048576K
}
Event: 355.839 GC heap after
{Heap after GC invocations=441 (full 12):
 PSYoungGen      total 3584K, used 1520K [0x00000000eab00000, 0x00000000eb180000, 0x0000000100000000)
  eden space 2048K, 0% used [0x00000000eab00000,0x00000000eab00000,0x00000000ead00000)
  from space 1536K, 98% used [0x00000000eaf00000,0x00000000eb07c050,0x00000000eb080000)
  to   space 2048K, 0% used [0x00000000ead00000,0x00000000ead00000,0x00000000eaf00000)
 ParOldGen       total 288256K, used 228957K [0x00000000c0000000, 0x00000000d1980000, 0x00000000eab00000)
  object space 288256K, 79% used [0x00000000c0000000,0x00000000cdf975c8,0x00000000d1980000)
 Metaspace       used 78742K, committed 80128K, reserved 1179648K
  class space    used 8263K, committed 8896K, reserved 1048576K
}
Event: 356.284 GC heap before
{Heap before GC invocations=442 (full 12):
 PSYoungGen      total 3584K, used 3568K [0x00000000eab00000, 0x00000000eb180000, 0x0000000100000000)
  eden space 2048K, 99% used [0x00000000eab00000,0x00000000eacfffe0,0x00000000ead00000)
  from space 1536K, 98% used [0x00000000eaf00000,0x00000000eb07c050,0x00000000eb080000)
  to   space 2048K, 0% used [0x00000000ead00000,0x00000000ead00000,0x00000000eaf00000)
 ParOldGen       total 288256K, used 228957K [0x00000000c0000000, 0x00000000d1980000, 0x00000000eab00000)
  object space 288256K, 79% used [0x00000000c0000000,0x00000000cdf975c8,0x00000000d1980000)
 Metaspace       used 78757K, committed 80128K, reserved 1179648K
  class space    used 8263K, committed 8896K, reserved 1048576K
}
Event: 356.289 GC heap after
{Heap after GC invocations=442 (full 12):
 PSYoungGen      total 3072K, used 848K [0x00000000eab00000, 0x00000000eb000000, 0x0000000100000000)
  eden space 2048K, 0% used [0x00000000eab00000,0x00000000eab00000,0x00000000ead00000)
  from space 1024K, 82% used [0x00000000ead00000,0x00000000eadd4030,0x00000000eae00000)
  to   space 1536K, 0% used [0x00000000eae80000,0x00000000eae80000,0x00000000eb000000)
 ParOldGen       total 288256K, used 229803K [0x00000000c0000000, 0x00000000d1980000, 0x00000000eab00000)
  object space 288256K, 79% used [0x00000000c0000000,0x00000000ce06aef8,0x00000000d1980000)
 Metaspace       used 78757K, committed 80128K, reserved 1179648K
  class space    used 8263K, committed 8896K, reserved 1048576K
}
Event: 356.317 GC heap before
{Heap before GC invocations=443 (full 12):
 PSYoungGen      total 3072K, used 2896K [0x00000000eab00000, 0x00000000eb000000, 0x0000000100000000)
  eden space 2048K, 100% used [0x00000000eab00000,0x00000000ead00000,0x00000000ead00000)
  from space 1024K, 82% used [0x00000000ead00000,0x00000000eadd4030,0x00000000eae00000)
  to   space 1536K, 0% used [0x00000000eae80000,0x00000000eae80000,0x00000000eb000000)
 ParOldGen       total 288256K, used 229803K [0x00000000c0000000, 0x00000000d1980000, 0x00000000eab00000)
  object space 288256K, 79% used [0x00000000c0000000,0x00000000ce06aef8,0x00000000d1980000)
 Metaspace       used 78762K, committed 80128K, reserved 1179648K
  class space    used 8263K, committed 8896K, reserved 1048576K
}
Event: 356.320 GC heap after
{Heap after GC invocations=443 (full 12):
 PSYoungGen      total 3584K, used 1168K [0x00000000eab00000, 0x00000000eb000000, 0x0000000100000000)
  eden space 2048K, 0% used [0x00000000eab00000,0x00000000eab00000,0x00000000ead00000)
  from space 1536K, 76% used [0x00000000eae80000,0x00000000eafa4030,0x00000000eb000000)
  to   space 1536K, 0% used [0x00000000ead00000,0x00000000ead00000,0x00000000eae80000)
 ParOldGen       total 288256K, used 229803K [0x00000000c0000000, 0x00000000d1980000, 0x00000000eab00000)
  object space 288256K, 79% used [0x00000000c0000000,0x00000000ce06aef8,0x00000000d1980000)
 Metaspace       used 78762K, committed 80128K, reserved 1179648K
  class space    used 8263K, committed 8896K, reserved 1048576K
}
Event: 356.754 GC heap before
{Heap before GC invocations=444 (full 12):
 PSYoungGen      total 3584K, used 3216K [0x00000000eab00000, 0x00000000eb000000, 0x0000000100000000)
  eden space 2048K, 100% used [0x00000000eab00000,0x00000000ead00000,0x00000000ead00000)
  from space 1536K, 76% used [0x00000000eae80000,0x00000000eafa4030,0x00000000eb000000)
  to   space 1536K, 0% used [0x00000000ead00000,0x00000000ead00000,0x00000000eae80000)
 ParOldGen       total 288256K, used 229803K [0x00000000c0000000, 0x00000000d1980000, 0x00000000eab00000)
  object space 288256K, 79% used [0x00000000c0000000,0x00000000ce06aef8,0x00000000d1980000)
 Metaspace       used 78770K, committed 80128K, reserved 1179648K
  class space    used 8263K, committed 8896K, reserved 1048576K
}
Event: 356.758 GC heap after
{Heap after GC invocations=444 (full 12):
 PSYoungGen      total 3584K, used 1056K [0x00000000eab00000, 0x00000000eb000000, 0x0000000100000000)
  eden space 2048K, 0% used [0x00000000eab00000,0x00000000eab00000,0x00000000ead00000)
  from space 1536K, 68% used [0x00000000ead00000,0x00000000eae08060,0x00000000eae80000)
  to   space 1536K, 0% used [0x00000000eae80000,0x00000000eae80000,0x00000000eb000000)
 ParOldGen       total 288256K, used 229803K [0x00000000c0000000, 0x00000000d1980000, 0x00000000eab00000)
  object space 288256K, 79% used [0x00000000c0000000,0x00000000ce06aef8,0x00000000d1980000)
 Metaspace       used 78770K, committed 80128K, reserved 1179648K
  class space    used 8263K, committed 8896K, reserved 1048576K
}
Event: 357.074 GC heap before
{Heap before GC invocations=445 (full 12):
 PSYoungGen      total 3584K, used 3104K [0x00000000eab00000, 0x00000000eb000000, 0x0000000100000000)
  eden space 2048K, 100% used [0x00000000eab00000,0x00000000ead00000,0x00000000ead00000)
  from space 1536K, 68% used [0x00000000ead00000,0x00000000eae08060,0x00000000eae80000)
  to   space 1536K, 0% used [0x00000000eae80000,0x00000000eae80000,0x00000000eb000000)
 ParOldGen       total 288256K, used 229803K [0x00000000c0000000, 0x00000000d1980000, 0x00000000eab00000)
  object space 288256K, 79% used [0x00000000c0000000,0x00000000ce06aef8,0x00000000d1980000)
 Metaspace       used 78803K, committed 80192K, reserved 1179648K
  class space    used 8263K, committed 8896K, reserved 1048576K
}
Event: 357.077 GC heap after
{Heap after GC invocations=445 (full 12):
 PSYoungGen      total 3072K, used 976K [0x00000000eab00000, 0x00000000eaf80000, 0x0000000100000000)
  eden space 2048K, 0% used [0x00000000eab00000,0x00000000eab00000,0x00000000ead00000)
  from space 1024K, 95% used [0x00000000eae80000,0x00000000eaf74030,0x00000000eaf80000)
  to   space 1024K, 0% used [0x00000000ead80000,0x00000000ead80000,0x00000000eae80000)
 ParOldGen       total 288256K, used 229811K [0x00000000c0000000, 0x00000000d1980000, 0x00000000eab00000)
  object space 288256K, 79% used [0x00000000c0000000,0x00000000ce06cef8,0x00000000d1980000)
 Metaspace       used 78803K, committed 80192K, reserved 1179648K
  class space    used 8263K, committed 8896K, reserved 1048576K
}
Event: 357.113 GC heap before
{Heap before GC invocations=446 (full 12):
 PSYoungGen      total 3072K, used 3024K [0x00000000eab00000, 0x00000000eaf80000, 0x0000000100000000)
  eden space 2048K, 100% used [0x00000000eab00000,0x00000000ead00000,0x00000000ead00000)
  from space 1024K, 95% used [0x00000000eae80000,0x00000000eaf74030,0x00000000eaf80000)
  to   space 1024K, 0% used [0x00000000ead80000,0x00000000ead80000,0x00000000eae80000)
 ParOldGen       total 288256K, used 229811K [0x00000000c0000000, 0x00000000d1980000, 0x00000000eab00000)
  object space 288256K, 79% used [0x00000000c0000000,0x00000000ce06cef8,0x00000000d1980000)
 Metaspace       used 78804K, committed 80192K, reserved 1179648K
  class space    used 8263K, committed 8896K, reserved 1048576K
}
Event: 357.117 GC heap after
{Heap after GC invocations=446 (full 12):
 PSYoungGen      total 3072K, used 992K [0x00000000eab00000, 0x00000000eb000000, 0x0000000100000000)
  eden space 2048K, 0% used [0x00000000eab00000,0x00000000eab00000,0x00000000ead00000)
  from space 1024K, 96% used [0x00000000ead80000,0x00000000eae78040,0x00000000eae80000)
  to   space 1536K, 0% used [0x00000000eae80000,0x00000000eae80000,0x00000000eb000000)
 ParOldGen       total 288256K, used 230152K [0x00000000c0000000, 0x00000000d1980000, 0x00000000eab00000)
  object space 288256K, 79% used [0x00000000c0000000,0x00000000ce0c2398,0x00000000d1980000)
 Metaspace       used 78804K, committed 80192K, reserved 1179648K
  class space    used 8263K, committed 8896K, reserved 1048576K
}
Event: 357.151 GC heap before
{Heap before GC invocations=447 (full 12):
 PSYoungGen      total 3072K, used 3040K [0x00000000eab00000, 0x00000000eb000000, 0x0000000100000000)
  eden space 2048K, 100% used [0x00000000eab00000,0x00000000ead00000,0x00000000ead00000)
  from space 1024K, 96% used [0x00000000ead80000,0x00000000eae78040,0x00000000eae80000)
  to   space 1536K, 0% used [0x00000000eae80000,0x00000000eae80000,0x00000000eb000000)
 ParOldGen       total 288256K, used 230152K [0x00000000c0000000, 0x00000000d1980000, 0x00000000eab00000)
  object space 288256K, 79% used [0x00000000c0000000,0x00000000ce0c2398,0x00000000d1980000)
 Metaspace       used 78805K, committed 80192K, reserved 1179648K
  class space    used 8263K, committed 8896K, reserved 1048576K
}
Event: 357.155 GC heap after
{Heap after GC invocations=447 (full 12):
 PSYoungGen      total 3584K, used 1456K [0x00000000eab00000, 0x00000000eb000000, 0x0000000100000000)
  eden space 2048K, 0% used [0x00000000eab00000,0x00000000eab00000,0x00000000ead00000)
  from space 1536K, 94% used [0x00000000eae80000,0x00000000eafec070,0x00000000eb000000)
  to   space 1536K, 0% used [0x00000000ead00000,0x00000000ead00000,0x00000000eae80000)
 ParOldGen       total 288256K, used 230160K [0x00000000c0000000, 0x00000000d1980000, 0x00000000eab00000)
  object space 288256K, 79% used [0x00000000c0000000,0x00000000ce0c4398,0x00000000d1980000)
 Metaspace       used 78805K, committed 80192K, reserved 1179648K
  class space    used 8263K, committed 8896K, reserved 1048576K
}
Event: 357.319 GC heap before
{Heap before GC invocations=448 (full 12):
 PSYoungGen      total 3584K, used 3504K [0x00000000eab00000, 0x00000000eb000000, 0x0000000100000000)
  eden space 2048K, 100% used [0x00000000eab00000,0x00000000ead00000,0x00000000ead00000)
  from space 1536K, 94% used [0x00000000eae80000,0x00000000eafec070,0x00000000eb000000)
  to   space 1536K, 0% used [0x00000000ead00000,0x00000000ead00000,0x00000000eae80000)
 ParOldGen       total 288256K, used 230160K [0x00000000c0000000, 0x00000000d1980000, 0x00000000eab00000)
  object space 288256K, 79% used [0x00000000c0000000,0x00000000ce0c4398,0x00000000d1980000)
 Metaspace       used 78864K, committed 80256K, reserved 1179648K
  class space    used 8263K, committed 8896K, reserved 1048576K
}
Event: 357.325 GC heap after
{Heap after GC invocations=448 (full 12):
 PSYoungGen      total 3584K, used 1504K [0x00000000eab00000, 0x00000000eb100000, 0x0000000100000000)
  eden space 2048K, 0% used [0x00000000eab00000,0x00000000eab00000,0x00000000ead00000)
  from space 1536K, 97% used [0x00000000ead00000,0x00000000eae78080,0x00000000eae80000)
  to   space 2048K, 0% used [0x00000000eaf00000,0x00000000eaf00000,0x00000000eb100000)
 ParOldGen       total 288256K, used 230176K [0x00000000c0000000, 0x00000000d1980000, 0x00000000eab00000)
  object space 288256K, 79% used [0x00000000c0000000,0x00000000ce0c8398,0x00000000d1980000)
 Metaspace       used 78864K, committed 80256K, reserved 1179648K
  class space    used 8263K, committed 8896K, reserved 1048576K
}

